
Showing logs for build [32mcb-kubecd-environment-pr-120-28-5qzxc-1[0m stage [32mfrom-build-pack[0m and container [32mstep-credential-initializer-qrqqt[0m
{"level":"warn","ts":1577364292.5468857,"logger":"fallback-logger","caller":"logging/config.go:69","msg":"Fetch GitHub commit ID from kodata failed: \"ref: refs/heads/master\" is not a valid GitHub commit ID"}
{"level":"info","ts":1577364292.54779,"logger":"fallback-logger","caller":"creds-init/main.go:40","msg":"Credentials initialized."}

Showing logs for build [32mcb-kubecd-environment-pr-120-28-5qzxc-1[0m stage [32mfrom-build-pack[0m and container [32mstep-working-dir-initializer-lv5jl[0m
{"level":"warn","ts":1577364293.558924,"logger":"fallback-logger","caller":"logging/config.go:69","msg":"Fetch GitHub commit ID from kodata failed: open /var/run/ko/HEAD: no such file or directory"}
{"level":"info","ts":1577364293.561271,"logger":"fallback-logger","caller":"bash/main.go:65","msg":"Successfully executed command \"mkdir -p /workspace/source\""}

Showing logs for build [32mcb-kubecd-environment-pr-120-28-5qzxc-1[0m stage [32mfrom-build-pack[0m and container [32mstep-place-tools[0m

Showing logs for build [32mcb-kubecd-environment-pr-120-28-5qzxc-1[0m stage [32mfrom-build-pack[0m and container [32mstep-git-source-cb-kubecd-environment-pr-120-28-82phf[0m
{"level":"warn","ts":1577364297.6241581,"logger":"fallback-logger","caller":"logging/config.go:69","msg":"Fetch GitHub commit ID from kodata failed: \"ref: refs/heads/master\" is not a valid GitHub commit ID"}
{"level":"info","ts":1577364298.7545683,"logger":"fallback-logger","caller":"git/git.go:102","msg":"Successfully cloned https://github.com/cb-kubecd/environment-pr-120-28-boot-gke-production.git @ master in path /workspace/source"}

Showing logs for build [32mcb-kubecd-environment-pr-120-28-5qzxc-1[0m stage [32mfrom-build-pack[0m and container [32mstep-git-merge[0m
Using SHAs from PULL_REFS=master:b6fd0e4acf08416be7484c8bd1f6073ef98d0d76,1:6f159caca31ddb4f463683fb56cf450c921735cc
DEBUG: ran git fetch --unshallow origin 6f159caca31ddb4f463683fb56cf450c921735cc: b6fd0e4acf08416be7484c8bd1f6073ef98d0d76: in 
DEBUG: ran git checkout master in 
DEBUG: ran git reset --hard b6fd0e4acf08416be7484c8bd1f6073ef98d0d76 in 
DEBUG: ran clean --force -d . in 
DEBUG: ran git merge 6f159caca31ddb4f463683fb56cf450c921735cc in 
Merged SHA 6f159caca31ddb4f463683fb56cf450c921735cc with commit message 'chore: Promote bdd-spring-1577363345 to version 0.0.1' into base branch master

Showing logs for build [32mcb-kubecd-environment-pr-120-28-5qzxc-1[0m stage [32mfrom-build-pack[0m and container [32mstep-build-helm-build[0m
WARNING: No $CHART_REPOSITORY defined so using the default value of: http://jenkins-x-chartmuseum:8080
Adding missing Helm repo: storage.googleapis.com https://storage.googleapis.com/chartmuseum.jenkins-x.io
WARNING: No secrets found on "helm/repos" due: reading the secret "helm/repos" from vault: no secret "helm/repos" not found in vault
Read credentials for https://storage.googleapis.com/chartmuseum.jenkins-x.io from vault helm/repos
Successfully added Helm repository storage.googleapis.com.
Adding missing Helm repo: jenkins-x-chartmuseum http://jenkins-x-chartmuseum:8080
WARNING: No secrets found on "helm/repos" due: reading the secret "helm/repos" from vault: no secret "helm/repos" not found in vault
Read credentials for http://jenkins-x-chartmuseum:8080 from vault helm/repos
Successfully added Helm repository jenkins-x-chartmuseum.
WARNING: No $CHART_REPOSITORY defined so using the default value of: http://jenkins-x-chartmuseum:8080
Adding missing Helm repo: chartmuseum.jenkins-x.io http://chartmuseum.jenkins-x.io
WARNING: No secrets found on "helm/repos" due: reading the secret "helm/repos" from vault: no secret "helm/repos" not found in vault
Read credentials for http://chartmuseum.jenkins-x.io from vault helm/repos
Successfully added Helm repository chartmuseum.jenkins-x.io.
